Dec 10, 2024 2:46:04 PM TicketPool addTicket
INFO: Ticket added: 1. Available tickets: 1
Dec 10, 2024 2:46:04 PM TicketPool removeTicket
INFO: Ticket removed: 1. Available tickets: 0
Dec 10, 2024 2:46:04 PM TicketPool addTicket
INFO: Ticket added: 1. Available tickets: 1
Dec 10, 2024 2:46:04 PM TicketPool removeTicket
INFO: Ticket removed: 1. Available tickets: 0
Dec 10, 2024 2:46:04 PM TicketPool addTicket
INFO: Ticket added: 2. Available tickets: 1
Dec 10, 2024 2:46:04 PM TicketPool removeTicket
INFO: Ticket removed: 2. Available tickets: 0
Dec 10, 2024 2:46:04 PM TicketPool addTicket
INFO: Ticket added: 2. Available tickets: 1
Dec 10, 2024 2:46:04 PM TicketPool removeTicket
INFO: Ticket removed: 2. Available tickets: 0
Dec 10, 2024 2:46:04 PM TicketPool addTicket
INFO: Ticket added: 3. Available tickets: 1
Dec 10, 2024 2:46:04 PM TicketPool addTicket
INFO: Ticket added: 3. Available tickets: 2
Dec 10, 2024 2:46:04 PM TicketPool removeTicket
INFO: Ticket removed: 3. Available tickets: 1
Dec 10, 2024 2:46:04 PM TicketPool removeTicket
INFO: Ticket removed: 3. Available tickets: 0
Dec 10, 2024 2:46:04 PM TicketPool addTicket
INFO: Ticket added: 4. Available tickets: 1
Dec 10, 2024 2:46:04 PM TicketPool addTicket
INFO: Ticket added: 4. Available tickets: 2
Dec 10, 2024 2:46:05 PM TicketPool removeTicket
INFO: Ticket removed: 4. Available tickets: 1
Dec 10, 2024 2:46:05 PM TicketPool removeTicket
INFO: Ticket removed: 4. Available tickets: 0
Dec 10, 2024 2:46:05 PM TicketPool addTicket
INFO: Ticket added: 5. Available tickets: 1
Dec 10, 2024 2:46:05 PM TicketPool addTicket
INFO: Ticket added: 5. Available tickets: 2
Dec 10, 2024 2:46:05 PM TicketPool removeTicket
INFO: Ticket removed: 5. Available tickets: 1
Dec 10, 2024 2:46:05 PM TicketPool addTicket
INFO: Ticket added: 6. Available tickets: 2
Dec 10, 2024 2:46:05 PM TicketPool addTicket
INFO: Ticket added: 6. Available tickets: 3
Dec 10, 2024 2:46:05 PM TicketPool removeTicket
INFO: Ticket removed: 5. Available tickets: 2
Dec 10, 2024 2:46:05 PM TicketPool removeTicket
INFO: Ticket removed: 6. Available tickets: 1
Dec 10, 2024 2:46:05 PM TicketPool addTicket
INFO: Ticket added: 7. Available tickets: 2
Dec 10, 2024 2:46:05 PM TicketPool addTicket
INFO: Ticket added: 7. Available tickets: 3
Dec 10, 2024 2:46:05 PM TicketPool removeTicket
INFO: Ticket removed: 6. Available tickets: 2
Dec 10, 2024 2:46:05 PM TicketPool addTicket
INFO: Ticket added: 8. Available tickets: 3
Dec 10, 2024 2:46:05 PM TicketPool addTicket
INFO: Ticket added: 8. Available tickets: 4
Dec 10, 2024 2:46:05 PM TicketPool removeTicket
INFO: Ticket removed: 7. Available tickets: 3
Dec 10, 2024 2:46:05 PM TicketPool removeTicket
INFO: Ticket removed: 7. Available tickets: 2
Dec 10, 2024 2:46:05 PM TicketPool addTicket
INFO: Ticket added: 9. Available tickets: 3
Dec 10, 2024 2:46:05 PM TicketPool addTicket
INFO: Ticket added: 9. Available tickets: 4
Dec 10, 2024 2:46:05 PM TicketPool removeTicket
INFO: Ticket removed: 8. Available tickets: 3
Dec 10, 2024 2:46:05 PM TicketPool addTicket
INFO: Ticket added: 10. Available tickets: 4
Dec 10, 2024 2:46:05 PM TicketPool addTicket
INFO: Ticket added: 10. Available tickets: 5
Dec 10, 2024 2:46:05 PM TicketPool removeTicket
INFO: Ticket removed: 8. Available tickets: 4
Dec 10, 2024 2:46:05 PM TicketPool removeTicket
INFO: Ticket removed: 9. Available tickets: 3
Dec 10, 2024 2:46:05 PM TicketPool addTicket
INFO: Ticket added: 11. Available tickets: 4
Dec 10, 2024 2:46:05 PM TicketPool addTicket
INFO: Ticket added: 11. Available tickets: 5
Dec 10, 2024 2:46:05 PM TicketPool removeTicket
INFO: Ticket removed: 9. Available tickets: 4
Dec 10, 2024 2:46:05 PM TicketPool addTicket
INFO: Ticket added: 12. Available tickets: 5
Dec 10, 2024 2:46:05 PM TicketPool removeTicket
INFO: Ticket removed: 10. Available tickets: 4
Dec 10, 2024 2:46:05 PM TicketPool addTicket
INFO: Ticket added: 12. Available tickets: 5
Dec 10, 2024 2:46:05 PM TicketPool removeTicket
INFO: Ticket removed: 10. Available tickets: 4
Dec 10, 2024 2:46:05 PM TicketPool addTicket
INFO: Ticket added: 13. Available tickets: 5
Dec 10, 2024 2:46:05 PM TicketPool removeTicket
INFO: Ticket removed: 11. Available tickets: 4
Dec 10, 2024 2:46:05 PM TicketPool addTicket
INFO: Ticket added: 13. Available tickets: 5
Dec 10, 2024 2:46:05 PM TicketPool addTicket
INFO: Ticket added: 14. Available tickets: 6
Dec 10, 2024 2:46:05 PM TicketPool removeTicket
INFO: Ticket removed: 11. Available tickets: 5
Dec 10, 2024 2:46:05 PM TicketPool removeTicket
INFO: Ticket removed: 12. Available tickets: 4
Dec 10, 2024 2:46:05 PM TicketPool addTicket
INFO: Ticket added: 14. Available tickets: 5
Dec 10, 2024 2:46:05 PM TicketPool addTicket
INFO: Ticket added: 15. Available tickets: 6
Dec 10, 2024 2:46:05 PM TicketPool removeTicket
INFO: Ticket removed: 12. Available tickets: 5
Dec 10, 2024 2:46:05 PM TicketPool addTicket
INFO: Ticket added: 15. Available tickets: 6
Dec 10, 2024 2:46:05 PM TicketPool removeTicket
INFO: Ticket removed: 13. Available tickets: 5
Dec 10, 2024 2:46:05 PM TicketPool removeTicket
INFO: Ticket removed: 13. Available tickets: 4
Dec 10, 2024 2:46:05 PM TicketPool addTicket
INFO: Ticket added: 16. Available tickets: 5
Dec 10, 2024 2:46:05 PM TicketPool addTicket
INFO: Ticket added: 16. Available tickets: 6
Dec 10, 2024 2:46:05 PM TicketPool removeTicket
INFO: Ticket removed: 14. Available tickets: 5
Dec 10, 2024 2:46:05 PM TicketPool addTicket
INFO: Ticket added: 17. Available tickets: 6
Dec 10, 2024 2:46:05 PM TicketPool addTicket
INFO: Ticket added: 17. Available tickets: 7
Dec 10, 2024 2:46:05 PM TicketPool removeTicket
INFO: Ticket removed: 14. Available tickets: 6
Dec 10, 2024 2:46:05 PM TicketPool removeTicket
INFO: Ticket removed: 15. Available tickets: 5
Dec 10, 2024 2:46:05 PM TicketPool addTicket
INFO: Ticket added: 18. Available tickets: 6
Dec 10, 2024 2:46:05 PM TicketPool addTicket
INFO: Ticket added: 18. Available tickets: 7
Dec 10, 2024 2:46:05 PM TicketPool removeTicket
INFO: Ticket removed: 15. Available tickets: 6
Dec 10, 2024 2:46:05 PM TicketPool addTicket
INFO: Ticket added: 19. Available tickets: 7
Dec 10, 2024 2:46:05 PM TicketPool addTicket
INFO: Ticket added: 19. Available tickets: 8
Dec 10, 2024 2:46:05 PM TicketPool removeTicket
INFO: Ticket removed: 16. Available tickets: 7
Dec 10, 2024 2:46:05 PM TicketPool removeTicket
INFO: Ticket removed: 16. Available tickets: 6
Dec 10, 2024 2:46:05 PM TicketPool addTicket
INFO: Ticket added: 20. Available tickets: 7
Dec 10, 2024 2:46:05 PM TicketPool addTicket
INFO: Ticket added: 20. Available tickets: 8
Dec 10, 2024 2:46:05 PM TicketPool removeTicket
INFO: Ticket removed: 17. Available tickets: 7
Dec 10, 2024 2:46:06 PM TicketPool addTicket
INFO: Ticket added: 21. Available tickets: 8
Dec 10, 2024 2:46:06 PM TicketPool removeTicket
INFO: Ticket removed: 17. Available tickets: 7
Dec 10, 2024 2:46:06 PM TicketPool removeTicket
INFO: Ticket removed: 18. Available tickets: 6
Dec 10, 2024 2:46:06 PM TicketPool addTicket
INFO: Ticket added: 21. Available tickets: 7
Dec 10, 2024 2:46:06 PM TicketPool addTicket
INFO: Ticket added: 22. Available tickets: 8
Dec 10, 2024 2:46:06 PM TicketPool removeTicket
INFO: Ticket removed: 18. Available tickets: 7
Dec 10, 2024 2:46:06 PM TicketPool addTicket
INFO: Ticket added: 22. Available tickets: 8
Dec 10, 2024 2:46:06 PM TicketPool addTicket
INFO: Ticket added: 23. Available tickets: 9
Dec 10, 2024 2:46:06 PM TicketPool removeTicket
INFO: Ticket removed: 19. Available tickets: 8
Dec 10, 2024 2:46:06 PM TicketPool removeTicket
INFO: Ticket removed: 19. Available tickets: 7
Dec 10, 2024 2:46:06 PM TicketPool addTicket
INFO: Ticket added: 23. Available tickets: 8
Dec 10, 2024 2:46:06 PM TicketPool addTicket
INFO: Ticket added: 24. Available tickets: 9
Dec 10, 2024 2:46:06 PM TicketPool removeTicket
INFO: Ticket removed: 20. Available tickets: 8
Dec 10, 2024 2:46:06 PM TicketPool addTicket
INFO: Ticket added: 24. Available tickets: 9
Dec 10, 2024 2:46:06 PM TicketPool addTicket
INFO: Ticket added: 25. Available tickets: 10
Dec 10, 2024 2:46:06 PM TicketPool removeTicket
INFO: Ticket removed: 20. Available tickets: 9
Dec 10, 2024 2:46:06 PM TicketPool removeTicket
INFO: Ticket removed: 21. Available tickets: 8
Dec 10, 2024 2:46:06 PM TicketPool addTicket
INFO: Ticket added: 25. Available tickets: 9
Dec 10, 2024 2:46:06 PM TicketPool addTicket
INFO: Ticket added: 26. Available tickets: 10
Dec 10, 2024 2:46:06 PM TicketPool removeTicket
INFO: Ticket removed: 21. Available tickets: 9
Dec 10, 2024 2:46:06 PM TicketPool addTicket
INFO: Ticket added: 26. Available tickets: 10
Dec 10, 2024 2:46:06 PM TicketPool removeTicket
INFO: Ticket removed: 22. Available tickets: 9
Dec 10, 2024 2:46:06 PM TicketPool removeTicket
INFO: Ticket removed: 22. Available tickets: 8
Dec 10, 2024 2:46:06 PM TicketPool addTicket
INFO: Ticket added: 27. Available tickets: 9
Dec 10, 2024 2:46:06 PM TicketPool addTicket
INFO: Ticket added: 27. Available tickets: 10
Dec 10, 2024 2:46:06 PM TicketPool removeTicket
INFO: Ticket removed: 23. Available tickets: 9
Dec 10, 2024 2:46:06 PM TicketPool addTicket
INFO: Ticket added: 28. Available tickets: 10
Dec 10, 2024 2:46:06 PM TicketPool removeTicket
INFO: Ticket removed: 23. Available tickets: 9
Dec 10, 2024 2:46:06 PM TicketPool removeTicket
INFO: Ticket removed: 24. Available tickets: 8
Dec 10, 2024 2:46:06 PM TicketPool addTicket
INFO: Ticket added: 28. Available tickets: 9
Dec 10, 2024 2:46:06 PM TicketPool addTicket
INFO: Ticket added: 29. Available tickets: 10
Dec 10, 2024 2:46:06 PM TicketPool addTicket
INFO: Ticket added: 29. Available tickets: 11
Dec 10, 2024 2:46:06 PM TicketPool removeTicket
INFO: Ticket removed: 24. Available tickets: 10
Dec 10, 2024 2:46:06 PM TicketPool addTicket
INFO: Ticket added: 30. Available tickets: 11
Dec 10, 2024 2:46:06 PM TicketPool removeTicket
INFO: Ticket removed: 25. Available tickets: 10
Dec 10, 2024 2:46:06 PM TicketPool removeTicket
INFO: Ticket removed: 25. Available tickets: 9
Dec 10, 2024 2:46:06 PM TicketPool addTicket
INFO: Ticket added: 30. Available tickets: 10
Dec 10, 2024 2:46:06 PM TicketPool addTicket
INFO: Ticket added: 31. Available tickets: 11
Dec 10, 2024 2:46:06 PM TicketPool addTicket
INFO: Ticket added: 31. Available tickets: 12
Dec 10, 2024 2:46:06 PM TicketPool removeTicket
INFO: Ticket removed: 26. Available tickets: 11
Dec 10, 2024 2:46:06 PM TicketPool addTicket
INFO: Ticket added: 32. Available tickets: 12
Dec 10, 2024 2:46:06 PM TicketPool removeTicket
INFO: Ticket removed: 26. Available tickets: 11
Dec 10, 2024 2:46:06 PM TicketPool removeTicket
INFO: Ticket removed: 27. Available tickets: 10
Dec 10, 2024 2:46:06 PM TicketPool addTicket
INFO: Ticket added: 32. Available tickets: 11
Dec 10, 2024 2:46:06 PM TicketPool addTicket
INFO: Ticket added: 33. Available tickets: 12
Dec 10, 2024 2:46:06 PM TicketPool addTicket
INFO: Ticket added: 33. Available tickets: 13
Dec 10, 2024 2:46:06 PM TicketPool removeTicket
INFO: Ticket removed: 27. Available tickets: 12
Dec 10, 2024 2:46:06 PM TicketPool addTicket
INFO: Ticket added: 34. Available tickets: 13
Dec 10, 2024 2:46:06 PM TicketPool removeTicket
INFO: Ticket removed: 28. Available tickets: 12
Dec 10, 2024 2:46:06 PM TicketPool removeTicket
INFO: Ticket removed: 28. Available tickets: 11
Dec 10, 2024 2:46:06 PM TicketPool addTicket
INFO: Ticket added: 34. Available tickets: 12
Dec 10, 2024 2:46:06 PM TicketPool addTicket
INFO: Ticket added: 35. Available tickets: 13
Dec 10, 2024 2:46:06 PM TicketPool removeTicket
INFO: Ticket removed: 29. Available tickets: 12
Dec 10, 2024 2:46:06 PM TicketPool addTicket
INFO: Ticket added: 35. Available tickets: 13
Dec 10, 2024 2:46:06 PM TicketPool addTicket
INFO: Ticket added: 36. Available tickets: 14
Dec 10, 2024 2:46:06 PM TicketPool removeTicket
INFO: Ticket removed: 29. Available tickets: 13
Dec 10, 2024 2:46:06 PM TicketPool removeTicket
INFO: Ticket removed: 30. Available tickets: 12
Dec 10, 2024 2:46:06 PM TicketPool addTicket
INFO: Ticket added: 36. Available tickets: 13
Dec 10, 2024 2:46:06 PM TicketPool addTicket
INFO: Ticket added: 37. Available tickets: 14
Dec 10, 2024 2:46:06 PM TicketPool removeTicket
INFO: Ticket removed: 30. Available tickets: 13
Dec 10, 2024 2:46:06 PM TicketPool addTicket
INFO: Ticket added: 37. Available tickets: 14
Dec 10, 2024 2:46:06 PM TicketPool removeTicket
INFO: Ticket removed: 31. Available tickets: 13
Dec 10, 2024 2:46:06 PM TicketPool addTicket
INFO: Ticket added: 38. Available tickets: 14
Dec 10, 2024 2:46:06 PM TicketPool removeTicket
INFO: Ticket removed: 31. Available tickets: 13
Dec 10, 2024 2:46:07 PM TicketPool addTicket
INFO: Ticket added: 38. Available tickets: 14
Dec 10, 2024 2:46:07 PM TicketPool addTicket
INFO: Ticket added: 39. Available tickets: 15
Dec 10, 2024 2:46:07 PM TicketPool removeTicket
INFO: Ticket removed: 32. Available tickets: 14
Dec 10, 2024 2:46:07 PM TicketPool addTicket
INFO: Ticket added: 39. Available tickets: 15
Dec 10, 2024 2:46:07 PM TicketPool removeTicket
INFO: Ticket removed: 32. Available tickets: 14
Dec 10, 2024 2:46:07 PM TicketPool removeTicket
INFO: Ticket removed: 33. Available tickets: 13
Dec 10, 2024 2:46:07 PM TicketPool addTicket
INFO: Ticket added: 40. Available tickets: 14
Dec 10, 2024 2:46:07 PM TicketPool addTicket
INFO: Ticket added: 40. Available tickets: 15
Dec 10, 2024 2:46:07 PM TicketPool addTicket
INFO: Ticket added: 41. Available tickets: 16
Dec 10, 2024 2:46:07 PM TicketPool removeTicket
INFO: Ticket removed: 33. Available tickets: 15
Dec 10, 2024 2:46:07 PM TicketPool removeTicket
INFO: Ticket removed: 34. Available tickets: 14
Dec 10, 2024 2:46:07 PM TicketPool addTicket
INFO: Ticket added: 41. Available tickets: 15
Dec 10, 2024 2:46:07 PM TicketPool removeTicket
INFO: Ticket removed: 34. Available tickets: 14
Dec 10, 2024 2:46:07 PM TicketPool addTicket
INFO: Ticket added: 42. Available tickets: 15
Dec 10, 2024 2:46:07 PM TicketPool addTicket
INFO: Ticket added: 42. Available tickets: 16
Dec 10, 2024 2:46:07 PM TicketPool addTicket
INFO: Ticket added: 43. Available tickets: 17
Dec 10, 2024 2:46:07 PM TicketPool removeTicket
INFO: Ticket removed: 35. Available tickets: 16
Dec 10, 2024 2:46:07 PM TicketPool removeTicket
INFO: Ticket removed: 35. Available tickets: 15
Dec 10, 2024 2:46:07 PM TicketPool removeTicket
INFO: Ticket removed: 36. Available tickets: 14
Dec 10, 2024 2:46:07 PM TicketPool addTicket
INFO: Ticket added: 43. Available tickets: 15
Dec 10, 2024 2:46:07 PM TicketPool addTicket
INFO: Ticket added: 44. Available tickets: 16
Dec 10, 2024 2:46:07 PM TicketPool addTicket
INFO: Ticket added: 44. Available tickets: 17
Dec 10, 2024 2:46:07 PM TicketPool removeTicket
INFO: Ticket removed: 36. Available tickets: 16
Dec 10, 2024 2:46:07 PM TicketPool addTicket
INFO: Ticket added: 45. Available tickets: 17
Dec 10, 2024 2:46:07 PM TicketPool removeTicket
INFO: Ticket removed: 37. Available tickets: 16
Dec 10, 2024 2:46:07 PM TicketPool removeTicket
INFO: Ticket removed: 37. Available tickets: 15
Dec 10, 2024 2:46:07 PM TicketPool addTicket
INFO: Ticket added: 45. Available tickets: 16
Dec 10, 2024 2:46:07 PM TicketPool addTicket
INFO: Ticket added: 46. Available tickets: 17
Dec 10, 2024 2:46:07 PM TicketPool addTicket
INFO: Ticket added: 46. Available tickets: 18
Dec 10, 2024 2:46:07 PM TicketPool removeTicket
INFO: Ticket removed: 38. Available tickets: 17
Dec 10, 2024 2:46:07 PM TicketPool removeTicket
INFO: Ticket removed: 38. Available tickets: 16
Dec 10, 2024 2:46:07 PM TicketPool removeTicket
INFO: Ticket removed: 39. Available tickets: 15
Dec 10, 2024 2:46:07 PM TicketPool addTicket
INFO: Ticket added: 47. Available tickets: 16
Dec 10, 2024 2:46:07 PM TicketPool addTicket
INFO: Ticket added: 47. Available tickets: 17
Dec 10, 2024 2:46:07 PM TicketPool addTicket
INFO: Ticket added: 48. Available tickets: 18
Dec 10, 2024 2:46:07 PM TicketPool addTicket
INFO: Ticket added: 48. Available tickets: 19
Dec 10, 2024 2:46:07 PM TicketPool removeTicket
INFO: Ticket removed: 39. Available tickets: 18
Dec 10, 2024 2:46:07 PM TicketPool removeTicket
INFO: Ticket removed: 40. Available tickets: 17
Dec 10, 2024 2:46:07 PM TicketPool removeTicket
INFO: Ticket removed: 40. Available tickets: 16
Dec 10, 2024 2:46:07 PM TicketPool addTicket
INFO: Ticket added: 49. Available tickets: 17
Dec 10, 2024 2:46:07 PM TicketPool addTicket
INFO: Ticket added: 49. Available tickets: 18
Dec 10, 2024 2:46:07 PM TicketPool addTicket
INFO: Ticket added: 50. Available tickets: 19
Dec 10, 2024 2:46:07 PM TicketPool addTicket
INFO: Ticket added: 50. Available tickets: 20
Dec 10, 2024 2:46:07 PM TicketPool removeTicket
INFO: Ticket removed: 41. Available tickets: 19
Dec 10, 2024 2:46:07 PM TicketPool removeTicket
INFO: Ticket removed: 41. Available tickets: 18
Dec 10, 2024 2:46:07 PM TicketPool removeTicket
INFO: Ticket removed: 42. Available tickets: 17
Dec 10, 2024 2:46:07 PM TicketPool addTicket
INFO: Ticket added: 51. Available tickets: 18
Dec 10, 2024 2:46:07 PM TicketPool addTicket
INFO: Ticket added: 51. Available tickets: 19
Dec 10, 2024 2:46:07 PM TicketPool addTicket
INFO: Ticket added: 52. Available tickets: 20
Dec 10, 2024 2:46:07 PM TicketPool removeTicket
INFO: Ticket removed: 42. Available tickets: 19
Dec 10, 2024 2:46:07 PM TicketPool removeTicket
INFO: Ticket removed: 43. Available tickets: 18
Dec 10, 2024 2:46:07 PM TicketPool addTicket
INFO: Ticket added: 52. Available tickets: 19
Dec 10, 2024 2:46:07 PM TicketPool removeTicket
INFO: Ticket removed: 43. Available tickets: 18
Dec 10, 2024 2:46:07 PM TicketPool addTicket
INFO: Ticket added: 53. Available tickets: 19
Dec 10, 2024 2:46:07 PM TicketPool addTicket
INFO: Ticket added: 53. Available tickets: 20
Dec 10, 2024 2:46:07 PM TicketPool addTicket
INFO: Ticket added: 54. Available tickets: 21
Dec 10, 2024 2:46:07 PM TicketPool removeTicket
INFO: Ticket removed: 44. Available tickets: 20
Dec 10, 2024 2:46:07 PM TicketPool removeTicket
INFO: Ticket removed: 44. Available tickets: 19
Dec 10, 2024 2:46:07 PM TicketPool removeTicket
INFO: Ticket removed: 45. Available tickets: 18
Dec 10, 2024 2:46:07 PM TicketPool addTicket
INFO: Ticket added: 54. Available tickets: 19
Dec 10, 2024 2:46:07 PM TicketPool addTicket
INFO: Ticket added: 55. Available tickets: 20
Dec 10, 2024 2:46:08 PM TicketPool addTicket
INFO: Ticket added: 55. Available tickets: 21
Dec 10, 2024 2:46:08 PM TicketPool removeTicket
INFO: Ticket removed: 45. Available tickets: 20
Dec 10, 2024 2:46:08 PM TicketPool addTicket
INFO: Ticket added: 56. Available tickets: 21
Dec 10, 2024 2:46:08 PM TicketPool removeTicket
INFO: Ticket removed: 46. Available tickets: 20
Dec 10, 2024 2:46:08 PM TicketPool removeTicket
INFO: Ticket removed: 46. Available tickets: 19
Dec 10, 2024 2:46:08 PM TicketPool addTicket
INFO: Ticket added: 56. Available tickets: 20
Dec 10, 2024 2:46:08 PM TicketPool addTicket
INFO: Ticket added: 57. Available tickets: 21
Dec 10, 2024 2:46:08 PM TicketPool addTicket
INFO: Ticket added: 57. Available tickets: 22
Dec 10, 2024 2:46:08 PM TicketPool removeTicket
INFO: Ticket removed: 47. Available tickets: 21
Dec 10, 2024 2:46:08 PM TicketPool removeTicket
INFO: Ticket removed: 47. Available tickets: 20
Dec 10, 2024 2:46:08 PM TicketPool removeTicket
INFO: Ticket removed: 48. Available tickets: 19
Dec 10, 2024 2:46:08 PM TicketPool addTicket
INFO: Ticket added: 58. Available tickets: 20
Dec 10, 2024 2:46:08 PM TicketPool addTicket
INFO: Ticket added: 58. Available tickets: 21
Dec 10, 2024 2:46:08 PM TicketPool addTicket
INFO: Ticket added: 59. Available tickets: 22
Dec 10, 2024 2:46:08 PM TicketPool addTicket
INFO: Ticket added: 59. Available tickets: 23
Dec 10, 2024 2:46:08 PM TicketPool removeTicket
INFO: Ticket removed: 48. Available tickets: 22
Dec 10, 2024 2:46:08 PM TicketPool removeTicket
INFO: Ticket removed: 49. Available tickets: 21
Dec 10, 2024 2:46:08 PM TicketPool removeTicket
INFO: Ticket removed: 49. Available tickets: 20
Dec 10, 2024 2:46:08 PM TicketPool addTicket
INFO: Ticket added: 60. Available tickets: 21
Dec 10, 2024 2:46:08 PM TicketPool addTicket
INFO: Ticket added: 60. Available tickets: 22
Dec 10, 2024 2:46:08 PM TicketPool addTicket
INFO: Ticket added: 61. Available tickets: 23
Dec 10, 2024 2:46:08 PM TicketPool addTicket
INFO: Ticket added: 61. Available tickets: 24
Dec 10, 2024 2:46:08 PM TicketPool removeTicket
INFO: Ticket removed: 50. Available tickets: 23
Dec 10, 2024 2:46:08 PM TicketPool removeTicket
INFO: Ticket removed: 50. Available tickets: 22
Dec 10, 2024 2:46:08 PM TicketPool removeTicket
INFO: Ticket removed: 51. Available tickets: 21
Dec 10, 2024 2:46:08 PM TicketPool addTicket
INFO: Ticket added: 62. Available tickets: 22
Dec 10, 2024 2:46:08 PM TicketPool addTicket
INFO: Ticket added: 62. Available tickets: 23
Dec 10, 2024 2:46:08 PM TicketPool addTicket
INFO: Ticket added: 63. Available tickets: 24
Dec 10, 2024 2:46:08 PM TicketPool removeTicket
INFO: Ticket removed: 51. Available tickets: 23
Dec 10, 2024 2:46:08 PM TicketPool addTicket
INFO: Ticket added: 63. Available tickets: 24
Dec 10, 2024 2:46:08 PM TicketPool removeTicket
INFO: Ticket removed: 52. Available tickets: 23
Dec 10, 2024 2:46:08 PM TicketPool removeTicket
INFO: Ticket removed: 52. Available tickets: 22
Dec 10, 2024 2:46:08 PM TicketPool addTicket
INFO: Ticket added: 64. Available tickets: 23
Dec 10, 2024 2:46:08 PM TicketPool addTicket
INFO: Ticket added: 64. Available tickets: 24
Dec 10, 2024 2:46:08 PM TicketPool addTicket
INFO: Ticket added: 65. Available tickets: 25
Dec 10, 2024 2:46:08 PM TicketPool removeTicket
INFO: Ticket removed: 53. Available tickets: 24
Dec 10, 2024 2:46:08 PM TicketPool removeTicket
INFO: Ticket removed: 53. Available tickets: 23
Dec 10, 2024 2:46:08 PM TicketPool removeTicket
INFO: Ticket removed: 54. Available tickets: 22
Dec 10, 2024 2:46:08 PM TicketPool addTicket
INFO: Ticket added: 65. Available tickets: 23
Dec 10, 2024 2:46:08 PM TicketPool addTicket
INFO: Ticket added: 66. Available tickets: 24
Dec 10, 2024 2:46:08 PM TicketPool addTicket
INFO: Ticket added: 66. Available tickets: 25
Dec 10, 2024 2:46:08 PM TicketPool addTicket
INFO: Ticket added: 67. Available tickets: 26
Dec 10, 2024 2:46:08 PM TicketPool removeTicket
INFO: Ticket removed: 54. Available tickets: 25
Dec 10, 2024 2:46:08 PM TicketPool removeTicket
INFO: Ticket removed: 55. Available tickets: 24
Dec 10, 2024 2:46:08 PM TicketPool addTicket
INFO: Ticket added: 67. Available tickets: 25
Dec 10, 2024 2:46:08 PM TicketPool removeTicket
INFO: Ticket removed: 55. Available tickets: 24
Dec 10, 2024 2:46:08 PM TicketPool addTicket
INFO: Ticket added: 68. Available tickets: 25
Dec 10, 2024 2:46:08 PM TicketPool addTicket
INFO: Ticket added: 68. Available tickets: 26
Dec 10, 2024 2:46:08 PM TicketPool removeTicket
INFO: Ticket removed: 56. Available tickets: 25
Dec 10, 2024 2:46:08 PM TicketPool addTicket
INFO: Ticket added: 69. Available tickets: 26
Dec 10, 2024 2:46:08 PM TicketPool removeTicket
INFO: Ticket removed: 56. Available tickets: 25
Dec 10, 2024 2:46:08 PM TicketPool addTicket
INFO: Ticket added: 69. Available tickets: 26
Dec 10, 2024 2:46:08 PM TicketPool removeTicket
INFO: Ticket removed: 57. Available tickets: 25
Dec 10, 2024 2:46:08 PM TicketPool addTicket
INFO: Ticket added: 70. Available tickets: 26
Dec 10, 2024 2:46:08 PM TicketPool addTicket
INFO: Ticket added: 70. Available tickets: 27
Dec 10, 2024 2:46:08 PM TicketPool removeTicket
INFO: Ticket removed: 57. Available tickets: 26
Dec 10, 2024 2:46:08 PM TicketPool addTicket
INFO: Ticket added: 71. Available tickets: 27
Dec 10, 2024 2:46:08 PM TicketPool removeTicket
INFO: Ticket removed: 58. Available tickets: 26
Dec 10, 2024 2:46:08 PM TicketPool removeTicket
INFO: Ticket removed: 58. Available tickets: 25
Dec 10, 2024 2:46:08 PM TicketPool addTicket
INFO: Ticket added: 71. Available tickets: 26
Dec 10, 2024 2:46:08 PM TicketPool addTicket
INFO: Ticket added: 72. Available tickets: 27
Dec 10, 2024 2:46:08 PM TicketPool addTicket
INFO: Ticket added: 72. Available tickets: 28
Dec 10, 2024 2:46:08 PM TicketPool removeTicket
INFO: Ticket removed: 59. Available tickets: 27
Dec 10, 2024 2:46:09 PM TicketPool removeTicket
INFO: Ticket removed: 59. Available tickets: 26
Dec 10, 2024 2:46:09 PM TicketPool addTicket
INFO: Ticket added: 73. Available tickets: 27
Dec 10, 2024 2:46:09 PM TicketPool removeTicket
INFO: Ticket removed: 60. Available tickets: 26
Dec 10, 2024 2:46:09 PM TicketPool addTicket
INFO: Ticket added: 73. Available tickets: 27
Dec 10, 2024 2:46:09 PM TicketPool addTicket
INFO: Ticket added: 74. Available tickets: 28
Dec 10, 2024 2:46:09 PM TicketPool addTicket
INFO: Ticket added: 74. Available tickets: 29
Dec 10, 2024 2:46:09 PM TicketPool removeTicket
INFO: Ticket removed: 60. Available tickets: 28
Dec 10, 2024 2:46:09 PM TicketPool removeTicket
INFO: Ticket removed: 61. Available tickets: 27
Dec 10, 2024 2:46:09 PM TicketPool addTicket
INFO: Ticket added: 75. Available tickets: 28
Dec 10, 2024 2:46:09 PM TicketPool removeTicket
INFO: Ticket removed: 61. Available tickets: 27
Dec 10, 2024 2:46:09 PM TicketPool addTicket
INFO: Ticket added: 75. Available tickets: 28
Dec 10, 2024 2:46:09 PM TicketPool addTicket
INFO: Ticket added: 76. Available tickets: 29
Dec 10, 2024 2:46:09 PM TicketPool addTicket
INFO: Ticket added: 76. Available tickets: 30
Dec 10, 2024 2:46:09 PM TicketPool removeTicket
INFO: Ticket removed: 62. Available tickets: 29
Dec 10, 2024 2:46:09 PM TicketPool removeTicket
INFO: Ticket removed: 62. Available tickets: 28
Dec 10, 2024 2:46:09 PM TicketPool removeTicket
INFO: Ticket removed: 63. Available tickets: 27
Dec 10, 2024 2:46:09 PM TicketPool addTicket
INFO: Ticket added: 77. Available tickets: 28
Dec 10, 2024 2:46:09 PM TicketPool addTicket
INFO: Ticket added: 77. Available tickets: 29
Dec 10, 2024 2:46:09 PM TicketPool addTicket
INFO: Ticket added: 78. Available tickets: 30
Dec 10, 2024 2:46:09 PM TicketPool addTicket
INFO: Ticket added: 78. Available tickets: 31
Dec 10, 2024 2:46:09 PM TicketPool removeTicket
INFO: Ticket removed: 63. Available tickets: 30
Dec 10, 2024 2:46:09 PM TicketPool removeTicket
INFO: Ticket removed: 64. Available tickets: 29
Dec 10, 2024 2:46:09 PM TicketPool removeTicket
INFO: Ticket removed: 64. Available tickets: 28
Dec 10, 2024 2:46:09 PM TicketPool addTicket
INFO: Ticket added: 79. Available tickets: 29
Dec 10, 2024 2:46:09 PM TicketPool addTicket
INFO: Ticket added: 79. Available tickets: 30
Dec 10, 2024 2:46:09 PM TicketPool addTicket
INFO: Ticket added: 80. Available tickets: 31
Dec 10, 2024 2:46:09 PM TicketPool addTicket
INFO: Ticket added: 80. Available tickets: 32
Dec 10, 2024 2:46:09 PM TicketPool removeTicket
INFO: Ticket removed: 65. Available tickets: 31
Dec 10, 2024 2:46:09 PM TicketPool removeTicket
INFO: Ticket removed: 65. Available tickets: 30
Dec 10, 2024 2:46:09 PM TicketPool removeTicket
INFO: Ticket removed: 66. Available tickets: 29
Dec 10, 2024 2:46:09 PM TicketPool addTicket
INFO: Ticket added: 81. Available tickets: 30
Dec 10, 2024 2:46:09 PM TicketPool addTicket
INFO: Ticket added: 81. Available tickets: 31
Dec 10, 2024 2:46:09 PM TicketPool removeTicket
INFO: Ticket removed: 66. Available tickets: 30
Dec 10, 2024 2:46:09 PM TicketPool addTicket
INFO: Ticket added: 82. Available tickets: 31
Dec 10, 2024 2:46:09 PM TicketPool addTicket
INFO: Ticket added: 82. Available tickets: 32
Dec 10, 2024 2:46:09 PM TicketPool removeTicket
INFO: Ticket removed: 67. Available tickets: 31
Dec 10, 2024 2:46:09 PM TicketPool removeTicket
INFO: Ticket removed: 67. Available tickets: 30
Dec 10, 2024 2:46:09 PM TicketPool addTicket
INFO: Ticket added: 83. Available tickets: 31
Dec 10, 2024 2:46:09 PM TicketPool addTicket
INFO: Ticket added: 83. Available tickets: 32
Dec 10, 2024 2:46:09 PM TicketPool removeTicket
INFO: Ticket removed: 68. Available tickets: 31
Dec 10, 2024 2:46:09 PM TicketPool addTicket
INFO: Ticket added: 84. Available tickets: 32
Dec 10, 2024 2:46:09 PM TicketPool removeTicket
INFO: Ticket removed: 68. Available tickets: 31
Dec 10, 2024 2:46:09 PM TicketPool removeTicket
INFO: Ticket removed: 69. Available tickets: 30
Dec 10, 2024 2:46:09 PM TicketPool addTicket
INFO: Ticket added: 84. Available tickets: 31
Dec 10, 2024 2:46:09 PM TicketPool addTicket
INFO: Ticket added: 85. Available tickets: 32
Dec 10, 2024 2:46:09 PM TicketPool addTicket
INFO: Ticket added: 85. Available tickets: 33
Dec 10, 2024 2:46:09 PM TicketPool removeTicket
INFO: Ticket removed: 69. Available tickets: 32
Dec 10, 2024 2:46:09 PM TicketPool addTicket
INFO: Ticket added: 86. Available tickets: 33
Dec 10, 2024 2:46:09 PM TicketPool removeTicket
INFO: Ticket removed: 70. Available tickets: 32
Dec 10, 2024 2:46:09 PM TicketPool addTicket
INFO: Ticket added: 86. Available tickets: 33
Dec 10, 2024 2:46:09 PM TicketPool removeTicket
INFO: Ticket removed: 70. Available tickets: 32
Dec 10, 2024 2:46:09 PM TicketPool addTicket
INFO: Ticket added: 87. Available tickets: 33
Dec 10, 2024 2:46:09 PM TicketPool addTicket
INFO: Ticket added: 87. Available tickets: 34
Dec 10, 2024 2:46:09 PM TicketPool removeTicket
INFO: Ticket removed: 71. Available tickets: 33
Dec 10, 2024 2:46:09 PM TicketPool addTicket
INFO: Ticket added: 88. Available tickets: 34
Dec 10, 2024 2:46:09 PM TicketPool removeTicket
INFO: Ticket removed: 71. Available tickets: 33
Dec 10, 2024 2:46:09 PM TicketPool addTicket
INFO: Ticket added: 88. Available tickets: 34
Dec 10, 2024 2:46:09 PM TicketPool removeTicket
INFO: Ticket removed: 72. Available tickets: 33
Dec 10, 2024 2:46:09 PM TicketPool addTicket
INFO: Ticket added: 89. Available tickets: 34
Dec 10, 2024 2:46:09 PM TicketPool addTicket
INFO: Ticket added: 89. Available tickets: 35
Dec 10, 2024 2:46:09 PM TicketPool removeTicket
INFO: Ticket removed: 72. Available tickets: 34
Dec 10, 2024 2:46:09 PM TicketPool removeTicket
INFO: Ticket removed: 73. Available tickets: 33
Dec 10, 2024 2:46:09 PM TicketPool addTicket
INFO: Ticket added: 90. Available tickets: 34
Dec 10, 2024 2:46:10 PM TicketPool addTicket
INFO: Ticket added: 90. Available tickets: 35
Dec 10, 2024 2:46:10 PM TicketPool removeTicket
INFO: Ticket removed: 73. Available tickets: 34
Dec 10, 2024 2:46:10 PM TicketPool addTicket
INFO: Ticket added: 91. Available tickets: 35
Dec 10, 2024 2:46:10 PM TicketPool addTicket
INFO: Ticket added: 91. Available tickets: 36
Dec 10, 2024 2:46:10 PM TicketPool removeTicket
INFO: Ticket removed: 74. Available tickets: 35
Dec 10, 2024 2:46:10 PM TicketPool removeTicket
INFO: Ticket removed: 74. Available tickets: 34
Dec 10, 2024 2:46:10 PM TicketPool addTicket
INFO: Ticket added: 92. Available tickets: 35
Dec 10, 2024 2:46:10 PM TicketPool addTicket
INFO: Ticket added: 92. Available tickets: 36
Dec 10, 2024 2:46:10 PM TicketPool removeTicket
INFO: Ticket removed: 75. Available tickets: 35
Dec 10, 2024 2:46:10 PM TicketPool addTicket
INFO: Ticket added: 93. Available tickets: 36
Dec 10, 2024 2:46:10 PM TicketPool addTicket
INFO: Ticket added: 93. Available tickets: 37
Dec 10, 2024 2:46:10 PM TicketPool removeTicket
INFO: Ticket removed: 75. Available tickets: 36
Dec 10, 2024 2:46:10 PM TicketPool removeTicket
INFO: Ticket removed: 76. Available tickets: 35
Dec 10, 2024 2:46:10 PM TicketPool addTicket
INFO: Ticket added: 94. Available tickets: 36
Dec 10, 2024 2:46:10 PM TicketPool removeTicket
INFO: Ticket removed: 76. Available tickets: 35
Dec 10, 2024 2:46:10 PM TicketPool addTicket
INFO: Ticket added: 94. Available tickets: 36
Dec 10, 2024 2:46:10 PM TicketPool addTicket
INFO: Ticket added: 95. Available tickets: 37
Dec 10, 2024 2:46:10 PM TicketPool addTicket
INFO: Ticket added: 95. Available tickets: 38
Dec 10, 2024 2:46:10 PM TicketPool removeTicket
INFO: Ticket removed: 77. Available tickets: 37
Dec 10, 2024 2:46:10 PM TicketPool removeTicket
INFO: Ticket removed: 77. Available tickets: 36
Dec 10, 2024 2:46:10 PM TicketPool addTicket
INFO: Ticket added: 96. Available tickets: 37
Dec 10, 2024 2:46:10 PM TicketPool removeTicket
INFO: Ticket removed: 78. Available tickets: 36
Dec 10, 2024 2:46:10 PM TicketPool addTicket
INFO: Ticket added: 96. Available tickets: 37
Dec 10, 2024 2:46:10 PM TicketPool addTicket
INFO: Ticket added: 97. Available tickets: 38
Dec 10, 2024 2:46:10 PM TicketPool removeTicket
INFO: Ticket removed: 78. Available tickets: 37
Dec 10, 2024 2:46:10 PM TicketPool removeTicket
INFO: Ticket removed: 79. Available tickets: 36
Dec 10, 2024 2:46:10 PM TicketPool addTicket
INFO: Ticket added: 97. Available tickets: 37
Dec 10, 2024 2:46:10 PM TicketPool addTicket
INFO: Ticket added: 98. Available tickets: 38
Dec 10, 2024 2:46:10 PM TicketPool removeTicket
INFO: Ticket removed: 79. Available tickets: 37
Dec 10, 2024 2:46:10 PM TicketPool addTicket
INFO: Ticket added: 98. Available tickets: 38
Dec 10, 2024 2:46:10 PM TicketPool addTicket
INFO: Ticket added: 99. Available tickets: 39
Dec 10, 2024 2:46:10 PM TicketPool removeTicket
INFO: Ticket removed: 80. Available tickets: 38
Dec 10, 2024 2:46:10 PM TicketPool removeTicket
INFO: Ticket removed: 80. Available tickets: 37
Dec 10, 2024 2:46:10 PM TicketPool addTicket
INFO: Ticket added: 99. Available tickets: 38
Dec 10, 2024 2:46:10 PM TicketPool removeTicket
INFO: Ticket removed: 81. Available tickets: 37
Dec 10, 2024 2:46:10 PM TicketPool addTicket
INFO: Ticket added: 100. Available tickets: 38
Dec 10, 2024 2:46:10 PM TicketPool addTicket
INFO: Ticket added: 100. Available tickets: 39
Dec 10, 2024 2:46:10 PM TicketPool addTicket
INFO: Ticket added: 101. Available tickets: 40
Dec 10, 2024 2:46:10 PM TicketPool removeTicket
INFO: Ticket removed: 81. Available tickets: 39
Dec 10, 2024 2:46:10 PM TicketPool removeTicket
INFO: Ticket removed: 82. Available tickets: 38
Dec 10, 2024 2:46:10 PM TicketPool addTicket
INFO: Ticket added: 101. Available tickets: 39
Dec 10, 2024 2:46:10 PM TicketPool removeTicket
INFO: Ticket removed: 82. Available tickets: 38
Dec 10, 2024 2:46:10 PM TicketPool addTicket
INFO: Ticket added: 102. Available tickets: 39
Dec 10, 2024 2:46:10 PM TicketPool addTicket
INFO: Ticket added: 102. Available tickets: 40
Dec 10, 2024 2:46:10 PM TicketPool removeTicket
INFO: Ticket removed: 83. Available tickets: 39
Dec 10, 2024 2:46:10 PM TicketPool addTicket
INFO: Ticket added: 103. Available tickets: 40
Dec 10, 2024 2:46:10 PM TicketPool removeTicket
INFO: Ticket removed: 83. Available tickets: 39
Dec 10, 2024 2:46:10 PM TicketPool addTicket
INFO: Ticket added: 103. Available tickets: 40
Dec 10, 2024 2:46:10 PM TicketPool removeTicket
INFO: Ticket removed: 84. Available tickets: 39
Dec 10, 2024 2:46:10 PM TicketPool addTicket
INFO: Ticket added: 104. Available tickets: 40
Dec 10, 2024 2:46:10 PM TicketPool addTicket
INFO: Ticket added: 104. Available tickets: 41
Dec 10, 2024 2:46:10 PM TicketPool removeTicket
INFO: Ticket removed: 84. Available tickets: 40
Dec 10, 2024 2:46:10 PM TicketPool addTicket
INFO: Ticket added: 105. Available tickets: 41
Dec 10, 2024 2:46:10 PM TicketPool removeTicket
INFO: Ticket removed: 85. Available tickets: 40
Dec 10, 2024 2:46:10 PM TicketPool addTicket
INFO: Ticket added: 105. Available tickets: 41
Dec 10, 2024 2:46:10 PM TicketPool removeTicket
INFO: Ticket removed: 85. Available tickets: 40
Dec 10, 2024 2:46:10 PM TicketPool addTicket
INFO: Ticket added: 106. Available tickets: 41
Dec 10, 2024 2:46:10 PM TicketPool addTicket
INFO: Ticket added: 106. Available tickets: 42
Dec 10, 2024 2:46:10 PM TicketPool removeTicket
INFO: Ticket removed: 86. Available tickets: 41
Dec 10, 2024 2:46:10 PM TicketPool removeTicket
INFO: Ticket removed: 86. Available tickets: 40
Dec 10, 2024 2:46:10 PM TicketPool addTicket
INFO: Ticket added: 107. Available tickets: 41
Dec 10, 2024 2:46:10 PM TicketPool removeTicket
INFO: Ticket removed: 87. Available tickets: 40
Dec 10, 2024 2:46:10 PM TicketPool addTicket
INFO: Ticket added: 107. Available tickets: 41
Dec 10, 2024 2:46:11 PM TicketPool addTicket
INFO: Ticket added: 108. Available tickets: 42
Dec 10, 2024 2:46:11 PM TicketPool removeTicket
INFO: Ticket removed: 87. Available tickets: 41
Dec 10, 2024 2:46:11 PM TicketPool addTicket
INFO: Ticket added: 108. Available tickets: 42
Dec 10, 2024 2:46:11 PM TicketPool removeTicket
INFO: Ticket removed: 88. Available tickets: 41
Dec 10, 2024 2:46:11 PM TicketPool addTicket
INFO: Ticket added: 109. Available tickets: 42
Dec 10, 2024 2:46:11 PM TicketPool removeTicket
INFO: Ticket removed: 88. Available tickets: 41
Dec 10, 2024 2:46:11 PM TicketPool addTicket
INFO: Ticket added: 109. Available tickets: 42
Dec 10, 2024 2:46:11 PM TicketPool addTicket
INFO: Ticket added: 110. Available tickets: 43
Dec 10, 2024 2:46:11 PM TicketPool removeTicket
INFO: Ticket removed: 89. Available tickets: 42
Dec 10, 2024 2:46:11 PM TicketPool addTicket
INFO: Ticket added: 110. Available tickets: 43
Dec 10, 2024 2:46:11 PM TicketPool addTicket
INFO: Ticket added: 111. Available tickets: 44
Dec 10, 2024 2:46:11 PM TicketPool removeTicket
INFO: Ticket removed: 89. Available tickets: 43
Dec 10, 2024 2:46:11 PM TicketPool removeTicket
INFO: Ticket removed: 90. Available tickets: 42
Dec 10, 2024 2:46:11 PM TicketPool addTicket
INFO: Ticket added: 111. Available tickets: 43
Dec 10, 2024 2:46:11 PM TicketPool addTicket
INFO: Ticket added: 112. Available tickets: 44
Dec 10, 2024 2:46:11 PM TicketPool removeTicket
INFO: Ticket removed: 90. Available tickets: 43
Dec 10, 2024 2:46:11 PM TicketPool addTicket
INFO: Ticket added: 112. Available tickets: 44
Dec 10, 2024 2:46:11 PM TicketPool removeTicket
INFO: Ticket removed: 91. Available tickets: 43
Dec 10, 2024 2:46:11 PM TicketPool addTicket
INFO: Ticket added: 113. Available tickets: 44
Dec 10, 2024 2:46:11 PM TicketPool removeTicket
INFO: Ticket removed: 91. Available tickets: 43
Dec 10, 2024 2:46:11 PM TicketPool addTicket
INFO: Ticket added: 113. Available tickets: 44
Dec 10, 2024 2:46:11 PM TicketPool addTicket
INFO: Ticket added: 114. Available tickets: 45
Dec 10, 2024 2:46:11 PM TicketPool removeTicket
INFO: Ticket removed: 92. Available tickets: 44
Dec 10, 2024 2:46:11 PM TicketPool removeTicket
INFO: Ticket removed: 92. Available tickets: 43
Dec 10, 2024 2:46:11 PM TicketPool addTicket
INFO: Ticket added: 114. Available tickets: 44
Dec 10, 2024 2:46:11 PM TicketPool addTicket
INFO: Ticket added: 115. Available tickets: 45
Dec 10, 2024 2:46:11 PM TicketPool removeTicket
INFO: Ticket removed: 93. Available tickets: 44
Dec 10, 2024 2:46:11 PM TicketPool addTicket
INFO: Ticket added: 115. Available tickets: 45
Dec 10, 2024 2:46:11 PM TicketPool removeTicket
INFO: Ticket removed: 93. Available tickets: 44
Dec 10, 2024 2:46:11 PM TicketPool addTicket
INFO: Ticket added: 116. Available tickets: 45
Dec 10, 2024 2:46:11 PM TicketPool removeTicket
INFO: Ticket removed: 94. Available tickets: 44
Dec 10, 2024 2:46:11 PM TicketPool addTicket
INFO: Ticket added: 116. Available tickets: 45
Dec 10, 2024 2:46:11 PM TicketPool addTicket
INFO: Ticket added: 117. Available tickets: 46
Dec 10, 2024 2:46:11 PM TicketPool removeTicket
INFO: Ticket removed: 94. Available tickets: 45
Dec 10, 2024 2:46:11 PM TicketPool addTicket
INFO: Ticket added: 117. Available tickets: 46
Dec 10, 2024 2:46:11 PM TicketPool addTicket
INFO: Ticket added: 118. Available tickets: 47
Dec 10, 2024 2:46:11 PM TicketPool removeTicket
INFO: Ticket removed: 95. Available tickets: 46
Dec 10, 2024 2:46:11 PM TicketPool removeTicket
INFO: Ticket removed: 95. Available tickets: 45
Dec 10, 2024 2:46:11 PM TicketPool addTicket
INFO: Ticket added: 118. Available tickets: 46
Dec 10, 2024 2:46:11 PM TicketPool addTicket
INFO: Ticket added: 119. Available tickets: 47
Dec 10, 2024 2:46:11 PM TicketPool removeTicket
INFO: Ticket removed: 96. Available tickets: 46
Dec 10, 2024 2:46:11 PM TicketPool addTicket
INFO: Ticket added: 119. Available tickets: 47
Dec 10, 2024 2:46:11 PM TicketPool removeTicket
INFO: Ticket removed: 96. Available tickets: 46
Dec 10, 2024 2:46:11 PM TicketPool addTicket
INFO: Ticket added: 120. Available tickets: 47
Dec 10, 2024 2:46:11 PM TicketPool removeTicket
INFO: Ticket removed: 97. Available tickets: 46
Dec 10, 2024 2:46:11 PM TicketPool addTicket
INFO: Ticket added: 120. Available tickets: 47
Dec 10, 2024 2:46:11 PM TicketPool removeTicket
INFO: Ticket removed: 97. Available tickets: 46
Dec 10, 2024 2:46:11 PM TicketPool addTicket
INFO: Ticket added: 121. Available tickets: 47
Dec 10, 2024 2:46:11 PM TicketPool addTicket
INFO: Ticket added: 121. Available tickets: 48
Dec 10, 2024 2:46:11 PM TicketPool removeTicket
INFO: Ticket removed: 98. Available tickets: 47
Dec 10, 2024 2:46:11 PM TicketPool removeTicket
INFO: Ticket removed: 98. Available tickets: 46
Dec 10, 2024 2:46:11 PM TicketPool addTicket
INFO: Ticket added: 122. Available tickets: 47
Dec 10, 2024 2:46:11 PM TicketPool removeTicket
INFO: Ticket removed: 99. Available tickets: 46
Dec 10, 2024 2:46:11 PM TicketPool addTicket
INFO: Ticket added: 122. Available tickets: 47
Dec 10, 2024 2:46:11 PM TicketPool addTicket
INFO: Ticket added: 123. Available tickets: 48
Dec 10, 2024 2:46:11 PM TicketPool removeTicket
INFO: Ticket removed: 99. Available tickets: 47
Dec 10, 2024 2:46:11 PM TicketPool addTicket
INFO: Ticket added: 123. Available tickets: 48
Dec 10, 2024 2:46:11 PM TicketPool removeTicket
INFO: Ticket removed: 100. Available tickets: 47
Dec 10, 2024 2:46:11 PM TicketPool addTicket
INFO: Ticket added: 124. Available tickets: 48
Dec 10, 2024 2:46:11 PM TicketPool removeTicket
INFO: Ticket removed: 100. Available tickets: 47
Dec 10, 2024 2:46:11 PM TicketPool addTicket
INFO: Ticket added: 124. Available tickets: 48
Dec 10, 2024 2:46:11 PM TicketPool addTicket
INFO: Ticket added: 125. Available tickets: 49
Dec 10, 2024 2:46:12 PM TicketPool removeTicket
INFO: Ticket removed: 101. Available tickets: 48
Dec 10, 2024 2:46:12 PM TicketPool addTicket
INFO: Ticket added: 125. Available tickets: 49
Dec 10, 2024 2:46:12 PM TicketPool removeTicket
INFO: Ticket removed: 101. Available tickets: 48
Dec 10, 2024 2:46:12 PM TicketPool addTicket
INFO: Ticket added: 126. Available tickets: 49
Dec 10, 2024 2:46:12 PM TicketPool removeTicket
INFO: Ticket removed: 102. Available tickets: 48
Dec 10, 2024 2:46:12 PM TicketPool addTicket
INFO: Ticket added: 126. Available tickets: 49
Dec 10, 2024 2:46:12 PM TicketPool addTicket
INFO: Ticket added: 127. Available tickets: 50
Dec 10, 2024 2:46:12 PM TicketPool removeTicket
INFO: Ticket removed: 102. Available tickets: 49
Dec 10, 2024 2:46:12 PM TicketPool addTicket
INFO: Ticket added: 127. Available tickets: 50
Dec 10, 2024 2:46:12 PM TicketPool removeTicket
INFO: Ticket removed: 103. Available tickets: 49
Dec 10, 2024 2:46:12 PM TicketPool addTicket
INFO: Ticket added: 128. Available tickets: 50
Dec 10, 2024 2:46:12 PM TicketPool removeTicket
INFO: Ticket removed: 103. Available tickets: 49
Dec 10, 2024 2:46:12 PM TicketPool addTicket
INFO: Ticket added: 128. Available tickets: 50
Dec 10, 2024 2:46:12 PM TicketPool addTicket
INFO: Ticket added: 129. Available tickets: 51
Dec 10, 2024 2:46:12 PM TicketPool removeTicket
INFO: Ticket removed: 104. Available tickets: 50
Dec 10, 2024 2:46:12 PM TicketPool addTicket
INFO: Ticket added: 129. Available tickets: 51
Dec 10, 2024 2:46:12 PM TicketPool removeTicket
INFO: Ticket removed: 104. Available tickets: 50
Dec 10, 2024 2:46:12 PM TicketPool removeTicket
INFO: Ticket removed: 105. Available tickets: 49
Dec 10, 2024 2:46:12 PM TicketPool addTicket
INFO: Ticket added: 130. Available tickets: 50
Dec 10, 2024 2:46:12 PM TicketPool addTicket
INFO: Ticket added: 130. Available tickets: 51
Dec 10, 2024 2:46:12 PM TicketPool removeTicket
INFO: Ticket removed: 105. Available tickets: 50
Dec 10, 2024 2:46:12 PM TicketPool removeTicket
INFO: Ticket removed: 106. Available tickets: 49
Dec 10, 2024 2:46:12 PM TicketPool addTicket
INFO: Ticket added: 131. Available tickets: 50
Dec 10, 2024 2:46:12 PM TicketPool addTicket
INFO: Ticket added: 131. Available tickets: 51
Dec 10, 2024 2:46:12 PM TicketPool removeTicket
INFO: Ticket removed: 106. Available tickets: 50
Dec 10, 2024 2:46:12 PM TicketPool addTicket
INFO: Ticket added: 132. Available tickets: 51
Dec 10, 2024 2:46:12 PM TicketPool addTicket
INFO: Ticket added: 132. Available tickets: 52
Dec 10, 2024 2:46:12 PM TicketPool removeTicket
INFO: Ticket removed: 107. Available tickets: 51
Dec 10, 2024 2:46:12 PM TicketPool removeTicket
INFO: Ticket removed: 107. Available tickets: 50
Dec 10, 2024 2:46:12 PM TicketPool addTicket
INFO: Ticket added: 133. Available tickets: 51
Dec 10, 2024 2:46:12 PM TicketPool addTicket
INFO: Ticket added: 133. Available tickets: 52
Dec 10, 2024 2:46:12 PM TicketPool removeTicket
INFO: Ticket removed: 108. Available tickets: 51
Dec 10, 2024 2:46:12 PM TicketPool addTicket
INFO: Ticket added: 134. Available tickets: 52
Dec 10, 2024 2:46:12 PM TicketPool addTicket
INFO: Ticket added: 134. Available tickets: 53
Dec 10, 2024 2:46:12 PM TicketPool removeTicket
INFO: Ticket removed: 108. Available tickets: 52
Dec 10, 2024 2:46:12 PM TicketPool removeTicket
INFO: Ticket removed: 109. Available tickets: 51
Dec 10, 2024 2:46:12 PM TicketPool addTicket
INFO: Ticket added: 135. Available tickets: 52
Dec 10, 2024 2:46:12 PM TicketPool addTicket
INFO: Ticket added: 135. Available tickets: 53
Dec 10, 2024 2:46:12 PM TicketPool removeTicket
INFO: Ticket removed: 109. Available tickets: 52
Dec 10, 2024 2:46:12 PM TicketPool addTicket
INFO: Ticket added: 136. Available tickets: 53
Dec 10, 2024 2:46:12 PM TicketPool addTicket
INFO: Ticket added: 136. Available tickets: 54
Dec 10, 2024 2:46:12 PM TicketPool removeTicket
INFO: Ticket removed: 110. Available tickets: 53
Dec 10, 2024 2:46:12 PM TicketPool removeTicket
INFO: Ticket removed: 110. Available tickets: 52
Dec 10, 2024 2:46:12 PM TicketPool addTicket
INFO: Ticket added: 137. Available tickets: 53
Dec 10, 2024 2:46:12 PM TicketPool addTicket
INFO: Ticket added: 137. Available tickets: 54
Dec 10, 2024 2:46:12 PM TicketPool removeTicket
INFO: Ticket removed: 111. Available tickets: 53
Dec 10, 2024 2:46:12 PM TicketPool removeTicket
INFO: Ticket removed: 111. Available tickets: 52
Dec 10, 2024 2:46:12 PM TicketPool addTicket
INFO: Ticket added: 138. Available tickets: 53
Dec 10, 2024 2:46:12 PM TicketPool addTicket
INFO: Ticket added: 138. Available tickets: 54
Dec 10, 2024 2:46:12 PM TicketPool removeTicket
INFO: Ticket removed: 112. Available tickets: 53
Dec 10, 2024 2:46:12 PM TicketPool addTicket
INFO: Ticket added: 139. Available tickets: 54
Dec 10, 2024 2:46:12 PM TicketPool addTicket
INFO: Ticket added: 139. Available tickets: 55
Dec 10, 2024 2:46:12 PM TicketPool removeTicket
INFO: Ticket removed: 112. Available tickets: 54
Dec 10, 2024 2:46:12 PM TicketPool removeTicket
INFO: Ticket removed: 113. Available tickets: 53
Dec 10, 2024 2:46:12 PM TicketPool addTicket
INFO: Ticket added: 140. Available tickets: 54
Dec 10, 2024 2:46:12 PM TicketPool addTicket
INFO: Ticket added: 140. Available tickets: 55
Dec 10, 2024 2:46:12 PM TicketPool removeTicket
INFO: Ticket removed: 113. Available tickets: 54
Dec 10, 2024 2:46:12 PM TicketPool addTicket
INFO: Ticket added: 141. Available tickets: 55
Dec 10, 2024 2:46:12 PM TicketPool addTicket
INFO: Ticket added: 141. Available tickets: 56
Dec 10, 2024 2:46:12 PM TicketPool removeTicket
INFO: Ticket removed: 114. Available tickets: 55
Dec 10, 2024 2:46:12 PM TicketPool removeTicket
INFO: Ticket removed: 114. Available tickets: 54
Dec 10, 2024 2:46:12 PM TicketPool addTicket
INFO: Ticket added: 142. Available tickets: 55
Dec 10, 2024 2:46:12 PM TicketPool addTicket
INFO: Ticket added: 142. Available tickets: 56
Dec 10, 2024 2:46:13 PM TicketPool removeTicket
INFO: Ticket removed: 115. Available tickets: 55
Dec 10, 2024 2:46:13 PM TicketPool addTicket
INFO: Ticket added: 143. Available tickets: 56
Dec 10, 2024 2:46:13 PM TicketPool addTicket
INFO: Ticket added: 143. Available tickets: 57
Dec 10, 2024 2:46:13 PM TicketPool removeTicket
INFO: Ticket removed: 115. Available tickets: 56
Dec 10, 2024 2:46:13 PM TicketPool removeTicket
INFO: Ticket removed: 116. Available tickets: 55
Dec 10, 2024 2:46:13 PM TicketPool addTicket
INFO: Ticket added: 144. Available tickets: 56
Dec 10, 2024 2:46:13 PM TicketPool addTicket
INFO: Ticket added: 144. Available tickets: 57
Dec 10, 2024 2:46:13 PM TicketPool removeTicket
INFO: Ticket removed: 116. Available tickets: 56
Dec 10, 2024 2:46:13 PM TicketPool addTicket
INFO: Ticket added: 145. Available tickets: 57
Dec 10, 2024 2:46:13 PM TicketPool addTicket
INFO: Ticket added: 145. Available tickets: 58
Dec 10, 2024 2:46:13 PM TicketPool removeTicket
INFO: Ticket removed: 117. Available tickets: 57
Dec 10, 2024 2:46:13 PM TicketPool removeTicket
INFO: Ticket removed: 117. Available tickets: 56
Dec 10, 2024 2:46:13 PM TicketPool addTicket
INFO: Ticket added: 146. Available tickets: 57
Dec 10, 2024 2:46:13 PM TicketPool removeTicket
INFO: Ticket removed: 118. Available tickets: 56
Dec 10, 2024 2:46:13 PM TicketPool addTicket
INFO: Ticket added: 146. Available tickets: 57
Dec 10, 2024 2:46:13 PM TicketPool addTicket
INFO: Ticket added: 147. Available tickets: 58
Dec 10, 2024 2:46:13 PM TicketPool addTicket
INFO: Ticket added: 147. Available tickets: 59
Dec 10, 2024 2:46:13 PM TicketPool removeTicket
INFO: Ticket removed: 118. Available tickets: 58
Dec 10, 2024 2:46:13 PM TicketPool removeTicket
INFO: Ticket removed: 119. Available tickets: 57
Dec 10, 2024 2:46:13 PM TicketPool removeTicket
INFO: Ticket removed: 119. Available tickets: 56
Dec 10, 2024 2:46:13 PM TicketPool addTicket
INFO: Ticket added: 148. Available tickets: 57
Dec 10, 2024 2:46:13 PM TicketPool addTicket
INFO: Ticket added: 148. Available tickets: 58
Dec 10, 2024 2:46:13 PM TicketPool removeTicket
INFO: Ticket removed: 120. Available tickets: 57
Dec 10, 2024 2:46:13 PM TicketPool addTicket
INFO: Ticket added: 149. Available tickets: 58
Dec 10, 2024 2:46:13 PM TicketPool addTicket
INFO: Ticket added: 149. Available tickets: 59
Dec 10, 2024 2:46:13 PM TicketPool removeTicket
INFO: Ticket removed: 120. Available tickets: 58
Dec 10, 2024 2:46:13 PM TicketPool removeTicket
INFO: Ticket removed: 121. Available tickets: 57
Dec 10, 2024 2:46:13 PM TicketPool addTicket
INFO: Ticket added: 150. Available tickets: 58
Dec 10, 2024 2:46:13 PM TicketPool addTicket
INFO: Ticket added: 150. Available tickets: 59
Dec 10, 2024 2:46:13 PM TicketPool removeTicket
INFO: Ticket removed: 121. Available tickets: 58
Dec 10, 2024 2:46:13 PM TicketPool addTicket
INFO: Ticket added: 151. Available tickets: 59
Dec 10, 2024 2:46:13 PM TicketPool addTicket
INFO: Ticket added: 151. Available tickets: 60
Dec 10, 2024 2:46:13 PM TicketPool removeTicket
INFO: Ticket removed: 122. Available tickets: 59
Dec 10, 2024 2:46:13 PM TicketPool removeTicket
INFO: Ticket removed: 122. Available tickets: 58
Dec 10, 2024 2:46:13 PM TicketPool addTicket
INFO: Ticket added: 152. Available tickets: 59
Dec 10, 2024 2:46:13 PM TicketPool addTicket
INFO: Ticket added: 152. Available tickets: 60
Dec 10, 2024 2:46:13 PM TicketPool removeTicket
INFO: Ticket removed: 123. Available tickets: 59
Dec 10, 2024 2:46:13 PM TicketPool addTicket
INFO: Ticket added: 153. Available tickets: 60
Dec 10, 2024 2:46:13 PM TicketPool removeTicket
INFO: Ticket removed: 123. Available tickets: 59
Dec 10, 2024 2:46:13 PM TicketPool addTicket
INFO: Ticket added: 153. Available tickets: 60
Dec 10, 2024 2:46:13 PM TicketPool removeTicket
INFO: Ticket removed: 124. Available tickets: 59
Dec 10, 2024 2:46:13 PM TicketPool addTicket
INFO: Ticket added: 154. Available tickets: 60
Dec 10, 2024 2:46:13 PM TicketPool addTicket
INFO: Ticket added: 154. Available tickets: 61
Dec 10, 2024 2:46:13 PM TicketPool removeTicket
INFO: Ticket removed: 124. Available tickets: 60
Dec 10, 2024 2:46:13 PM TicketPool removeTicket
INFO: Ticket removed: 125. Available tickets: 59
Dec 10, 2024 2:46:13 PM TicketPool addTicket
INFO: Ticket added: 155. Available tickets: 60
Dec 10, 2024 2:46:13 PM TicketPool addTicket
INFO: Ticket added: 155. Available tickets: 61
Dec 10, 2024 2:46:13 PM TicketPool removeTicket
INFO: Ticket removed: 125. Available tickets: 60
Dec 10, 2024 2:46:13 PM TicketPool addTicket
INFO: Ticket added: 156. Available tickets: 61
Dec 10, 2024 2:46:13 PM TicketPool removeTicket
INFO: Ticket removed: 126. Available tickets: 60
Dec 10, 2024 2:46:13 PM TicketPool addTicket
INFO: Ticket added: 156. Available tickets: 61
Dec 10, 2024 2:46:13 PM TicketPool removeTicket
INFO: Ticket removed: 126. Available tickets: 60
Dec 10, 2024 2:46:13 PM TicketPool addTicket
INFO: Ticket added: 157. Available tickets: 61
Dec 10, 2024 2:46:13 PM TicketPool removeTicket
INFO: Ticket removed: 127. Available tickets: 60
Dec 10, 2024 2:46:13 PM TicketPool addTicket
INFO: Ticket added: 157. Available tickets: 61
Dec 10, 2024 2:46:13 PM TicketPool addTicket
INFO: Ticket added: 158. Available tickets: 62
Dec 10, 2024 2:46:13 PM TicketPool removeTicket
INFO: Ticket removed: 127. Available tickets: 61
Dec 10, 2024 2:46:13 PM TicketPool addTicket
INFO: Ticket added: 158. Available tickets: 62
Dec 10, 2024 2:46:13 PM TicketPool removeTicket
INFO: Ticket removed: 128. Available tickets: 61
Dec 10, 2024 2:46:13 PM TicketPool addTicket
INFO: Ticket added: 159. Available tickets: 62
Dec 10, 2024 2:46:13 PM TicketPool removeTicket
INFO: Ticket removed: 128. Available tickets: 61
Dec 10, 2024 2:46:13 PM TicketPool addTicket
INFO: Ticket added: 159. Available tickets: 62
Dec 10, 2024 2:46:14 PM TicketPool addTicket
INFO: Ticket added: 160. Available tickets: 63
Dec 10, 2024 2:46:14 PM TicketPool removeTicket
INFO: Ticket removed: 129. Available tickets: 62
Dec 10, 2024 2:46:14 PM TicketPool addTicket
INFO: Ticket added: 160. Available tickets: 63
Dec 10, 2024 2:46:14 PM TicketPool removeTicket
INFO: Ticket removed: 129. Available tickets: 62
Dec 10, 2024 2:46:14 PM TicketPool addTicket
INFO: Ticket added: 161. Available tickets: 63
Dec 10, 2024 2:46:14 PM TicketPool removeTicket
INFO: Ticket removed: 130. Available tickets: 62
Dec 10, 2024 2:46:14 PM TicketPool addTicket
INFO: Ticket added: 161. Available tickets: 63
Dec 10, 2024 2:46:14 PM TicketPool addTicket
INFO: Ticket added: 162. Available tickets: 64
Dec 10, 2024 2:46:14 PM TicketPool removeTicket
INFO: Ticket removed: 130. Available tickets: 63
Dec 10, 2024 2:46:14 PM TicketPool addTicket
INFO: Ticket added: 162. Available tickets: 64
Dec 10, 2024 2:46:14 PM TicketPool removeTicket
INFO: Ticket removed: 131. Available tickets: 63
Dec 10, 2024 2:46:14 PM TicketPool addTicket
INFO: Ticket added: 163. Available tickets: 64
Dec 10, 2024 2:46:14 PM TicketPool removeTicket
INFO: Ticket removed: 131. Available tickets: 63
Dec 10, 2024 2:46:14 PM TicketPool addTicket
INFO: Ticket added: 163. Available tickets: 64
Dec 10, 2024 2:46:14 PM TicketPool removeTicket
INFO: Ticket removed: 132. Available tickets: 63
Dec 10, 2024 2:46:14 PM TicketPool addTicket
INFO: Ticket added: 164. Available tickets: 64
Dec 10, 2024 2:46:14 PM TicketPool addTicket
INFO: Ticket added: 164. Available tickets: 65
Dec 10, 2024 2:46:14 PM TicketPool removeTicket
INFO: Ticket removed: 132. Available tickets: 64
Dec 10, 2024 2:46:14 PM TicketPool removeTicket
INFO: Ticket removed: 133. Available tickets: 63
Dec 10, 2024 2:46:14 PM TicketPool addTicket
INFO: Ticket added: 165. Available tickets: 64
Dec 10, 2024 2:46:14 PM TicketPool addTicket
INFO: Ticket added: 165. Available tickets: 65
Dec 10, 2024 2:46:14 PM TicketPool removeTicket
INFO: Ticket removed: 133. Available tickets: 64
Dec 10, 2024 2:46:14 PM TicketPool addTicket
INFO: Ticket added: 166. Available tickets: 65
Dec 10, 2024 2:46:14 PM TicketPool addTicket
INFO: Ticket added: 166. Available tickets: 66
Dec 10, 2024 2:46:14 PM TicketPool removeTicket
INFO: Ticket removed: 134. Available tickets: 65
Dec 10, 2024 2:46:14 PM TicketPool removeTicket
INFO: Ticket removed: 134. Available tickets: 64
Dec 10, 2024 2:46:14 PM TicketPool addTicket
INFO: Ticket added: 167. Available tickets: 65
Dec 10, 2024 2:46:14 PM TicketPool addTicket
INFO: Ticket added: 167. Available tickets: 66
Dec 10, 2024 2:46:14 PM TicketPool removeTicket
INFO: Ticket removed: 135. Available tickets: 65
Dec 10, 2024 2:46:14 PM TicketPool addTicket
INFO: Ticket added: 168. Available tickets: 66
Dec 10, 2024 2:46:14 PM TicketPool addTicket
INFO: Ticket added: 168. Available tickets: 67
Dec 10, 2024 2:46:14 PM TicketPool removeTicket
INFO: Ticket removed: 135. Available tickets: 66
Dec 10, 2024 2:46:14 PM TicketPool removeTicket
INFO: Ticket removed: 136. Available tickets: 65
Dec 10, 2024 2:46:14 PM TicketPool addTicket
INFO: Ticket added: 169. Available tickets: 66
Dec 10, 2024 2:46:14 PM TicketPool addTicket
INFO: Ticket added: 169. Available tickets: 67
Dec 10, 2024 2:46:14 PM TicketPool removeTicket
INFO: Ticket removed: 136. Available tickets: 66
Dec 10, 2024 2:46:14 PM TicketPool removeTicket
INFO: Ticket removed: 137. Available tickets: 65
Dec 10, 2024 2:46:14 PM TicketPool addTicket
INFO: Ticket added: 170. Available tickets: 66
Dec 10, 2024 2:46:14 PM TicketPool addTicket
INFO: Ticket added: 170. Available tickets: 67
Dec 10, 2024 2:46:14 PM TicketPool removeTicket
INFO: Ticket removed: 137. Available tickets: 66
Dec 10, 2024 2:46:14 PM TicketPool addTicket
INFO: Ticket added: 171. Available tickets: 67
Dec 10, 2024 2:46:14 PM TicketPool addTicket
INFO: Ticket added: 171. Available tickets: 68
